<?xml version="1.0" encoding="UTF-8" ?>
<testsuites>
 <testsuite name="Books index page" timestamp="2015-10-15T17:57:29" hostname="localhost" time="0.816" errors="0" tests="3" skipped="0" disabled="0" failures="0">
  <testcase classname="Books index page" name="should displayed library title" time="0.054" />
  <testcase classname="Books index page" name="should display proper text as library title" time="0.042" />
  <testcase classname="Books index page" name="should display list" time="0.043" />
 </testsuite>
</testsuites>